<?xml version="1.0" encoding="UTF-8"?>
<!-- Generated by org.testng.reporters.JUnitXMLReporter -->
<testsuite ignored="0" hostname="MBPToaster.local" failures="1" tests="11" name="Test1" time="40.057" errors="0" timestamp="2024-04-26T17:41:19 PST">
  <testcase classname="ampTests.loginToAMP" name="login" time="1.463"/>
  <testcase classname="ampTests.sites_ElementChecking" name="checkAllElements" time="5.373"/>
  <testcase classname="ampTests.getAllPagesResponse" name="feedbackTab_CheckResponse200" time="10.083">
    <failure type="org.openqa.selenium.TimeoutException" message="Expected condition failed: waiting for visibility of element located by By.xpath: //div[@class=&amp;quot;MuiGrid-root MuiGrid-item css-1xp8igg&amp;quot;]/div[@class=&amp;quot;MuiStack-root css-13hsu6l&amp;quot;]/div[1] (tried for 10 second(s) with 500 milliseconds interval)
Build info: version: &amp;apos;4.19.1&amp;apos;, revision: &amp;apos;abe0ee07dc&amp;apos;
System info: os.name: &amp;apos;Mac OS X&amp;apos;, os.arch: &amp;apos;aarch64&amp;apos;, os.version: &amp;apos;14.4.1&amp;apos;, java.version: &amp;apos;22.0.1&amp;apos;
Driver info: org.openqa.selenium.chrome.ChromeDriver
Capabilities {acceptInsecureCerts: false, browserName: chrome, browserVersion: 124.0.6367.78, chrome: {chromedriverVersion: 124.0.6367.91 (51df0e5e17a8..., userDataDir: /var/folders/fh/jblzhg0d5s9...}, fedcm:accounts: true, goog:chromeOptions: {debuggerAddress: localhost:64852}, networkConnectionEnabled: false, pageLoadStrategy: normal, platformName: mac, proxy: Proxy(), se:cdp: ws://localhost:64852/devtoo..., se:cdpVersion: 124.0.6367.78, setWindowRect: true, strictFileInteractability: false, timeouts: {implicit: 0, pageLoad: 300000, script: 30000}, unhandledPromptBehavior: dismiss and notify, webauthn:extension:credBlob: true, webauthn:extension:largeBlob: true, webauthn:extension:minPinLength: true, webauthn:extension:prf: true, webauthn:virtualAuthenticators: true}
Session ID: f7ae1ea1935ff8dc6498a898393a7753">
      <![CDATA[org.openqa.selenium.TimeoutException: Expected condition failed: waiting for visibility of element located by By.xpath: //div[@class="MuiGrid-root MuiGrid-item css-1xp8igg"]/div[@class="MuiStack-root css-13hsu6l"]/div[1] (tried for 10 second(s) with 500 milliseconds interval)
Build info: version: '4.19.1', revision: 'abe0ee07dc'
System info: os.name: 'Mac OS X', os.arch: 'aarch64', os.version: '14.4.1', java.version: '22.0.1'
Driver info: org.openqa.selenium.chrome.ChromeDriver
Capabilities {acceptInsecureCerts: false, browserName: chrome, browserVersion: 124.0.6367.78, chrome: {chromedriverVersion: 124.0.6367.91 (51df0e5e17a8..., userDataDir: /var/folders/fh/jblzhg0d5s9...}, fedcm:accounts: true, goog:chromeOptions: {debuggerAddress: localhost:64852}, networkConnectionEnabled: false, pageLoadStrategy: normal, platformName: mac, proxy: Proxy(), se:cdp: ws://localhost:64852/devtoo..., se:cdpVersion: 124.0.6367.78, setWindowRect: true, strictFileInteractability: false, timeouts: {implicit: 0, pageLoad: 300000, script: 30000}, unhandledPromptBehavior: dismiss and notify, webauthn:extension:credBlob: true, webauthn:extension:largeBlob: true, webauthn:extension:minPinLength: true, webauthn:extension:prf: true, webauthn:virtualAuthenticators: true}
Session ID: f7ae1ea1935ff8dc6498a898393a7753
at org.openqa.selenium.support.ui.WebDriverWait.timeoutException(WebDriverWait.java:84)
at org.openqa.selenium.support.ui.FluentWait.until(FluentWait.java:228)
at ampTests.getAllPagesResponse.feedbackTab_CheckResponse200(getAllPagesResponse.java:89)
at java.base/java.util.concurrent.Executors$RunnableAdapter.call(Executors.java:572)
at java.base/java.util.concurrent.FutureTask.run(FutureTask.java:317)
at java.base/java.util.concurrent.ThreadPoolExecutor.runWorker(ThreadPoolExecutor.java:1144)
at java.base/java.util.concurrent.ThreadPoolExecutor$Worker.run(ThreadPoolExecutor.java:642)
at java.base/java.lang.Thread.run(Thread.java:1570)
... Removed 11 stack frames]]>
    </failure>
  </testcase> <!-- feedbackTab_CheckResponse200 -->
  <testcase classname="ampTests.getAllPagesResponse" name="login" time="2.247"/>
  <testcase classname="ampTests.getAllPagesResponse" name="manualTab_CheckResponse200" time="5.623"/>
  <testcase classname="ampTests.getAllPagesResponse" name="overviewTab_CheckResponse200" time="0.599"/>
  <testcase classname="ampTests.getAllPagesResponse" name="projectsTab_CheckResponse200" time="0.399"/>
  <testcase classname="ampTests.getAllPagesResponse" name="reportsTab_CheckResponse200" time="0.452"/>
  <testcase classname="ampTests.getAllPagesResponse" name="settingsTab_CheckResponse200" time="0.35"/>
  <testcase classname="ampTests.getAllPagesResponse" name="sitesTab_CheckResponse200" time="0.705"/>
  <testcase classname="ampTests.getAllPagesResponse" name="templatesTab_CheckResponse200" time="0.829"/>
</testsuite> <!-- Test1 -->
