<html>
<head>
<title>TestNG:  Test1</title>
<link href="../testng.css" rel="stylesheet" type="text/css" />
<link href="../my-testng.css" rel="stylesheet" type="text/css" />

<style type="text/css">
.log { display: none;} 
.stack-trace { display: none;} 
</style>
<script type="text/javascript">
<!--
function flip(e) {
  current = e.style.display;
  if (current == 'block') {
    e.style.display = 'none';
    return 0;
  }
  else {
    e.style.display = 'block';
    return 1;
  }
}

function toggleBox(szDivId, elem, msg1, msg2)
{
  var res = -1;  if (document.getElementById) {
    res = flip(document.getElementById(szDivId));
  }
  else if (document.all) {
    // this is the way old msie versions work
    res = flip(document.all[szDivId]);
  }
  if(elem) {
    if(res == 0) elem.innerHTML = msg1; else elem.innerHTML = msg2;
  }

}

function toggleAllBoxes() {
  if (document.getElementsByTagName) {
    d = document.getElementsByTagName('div');
    for (i = 0; i < d.length; i++) {
      if (d[i].className == 'log') {
        flip(d[i]);
      }
    }
  }
}

// -->
</script>

</head>
<body>
<h2 align='center'>Test1</h2><table border='1' align="center">
<tr>
<td>Tests passed/Failed/Skipped:</td><td>10/1/0</td>
</tr><tr>
<td>Started on:</td><td>Fri Apr 26 17:40:39 PST 2024</td>
</tr>
<tr><td>Total time:</td><td>40 seconds (40057 ms)</td>
</tr><tr>
<td>Included groups:</td><td></td>
</tr><tr>
<td>Excluded groups:</td><td></td>
</tr>
</table><p/>
<small><i>(Hover the method name to see the test class name)</i></small><p/>
<table width='100%' border='1' class='invocation-failed'>
<tr><td colspan='4' align='center'><b>FAILED TESTS</b></td></tr>
<tr><td><b>Test method</b></td>
<td><b>Attribute(s)</b></td>
<td width="30%"><b>Exception</b></td>
<td width="10%"><b>Time (seconds)</b></td>
<td><b>Instance</b></td>
</tr>
<tr>
<td title='ampTests.getAllPagesResponse.feedbackTab_CheckResponse200()'><b>feedbackTab_CheckResponse200</b><br>Test class: ampTests.getAllPagesResponse</td>
<td><div><pre>org.openqa.selenium.TimeoutException: Expected condition failed: waiting for visibility of element located by By.xpath: //div[@class=&quot;MuiGrid-root MuiGrid-item css-1xp8igg&quot;]/div[@class=&quot;MuiStack-root css-13hsu6l&quot;]/div[1] (tried for 10 second(s) with 500 milliseconds interval)
Build info: version: &apos;4.19.1&apos;, revision: &apos;abe0ee07dc&apos;
System info: os.name: &apos;Mac OS X&apos;, os.arch: &apos;aarch64&apos;, os.version: &apos;14.4.1&apos;, java.version: &apos;22.0.1&apos;
Driver info: org.openqa.selenium.chrome.ChromeDriver
Capabilities {acceptInsecureCerts: false, browserName: chrome, browserVersion: 124.0.6367.78, chrome: {chromedriverVersion: 124.0.6367.91 (51df0e5e17a8..., userDataDir: /var/folders/fh/jblzhg0d5s9...}, fedcm:accounts: true, goog:chromeOptions: {debuggerAddress: localhost:64852}, networkConnectionEnabled: false, pageLoadStrategy: normal, platformName: mac, proxy: Proxy(), se:cdp: ws://localhost:64852/devtoo..., se:cdpVersion: 124.0.6367.78, setWindowRect: true, strictFileInteractability: false, timeouts: {implicit: 0, pageLoad: 300000, script: 30000}, unhandledPromptBehavior: dismiss and notify, webauthn:extension:credBlob: true, webauthn:extension:largeBlob: true, webauthn:extension:minPinLength: true, webauthn:extension:prf: true, webauthn:virtualAuthenticators: true}
Session ID: f7ae1ea1935ff8dc6498a898393a7753
	at org.openqa.selenium.support.ui.WebDriverWait.timeoutException(WebDriverWait.java:84)
	at org.openqa.selenium.support.ui.FluentWait.until(FluentWait.java:228)
	at ampTests.getAllPagesResponse.feedbackTab_CheckResponse200(getAllPagesResponse.java:89)
	at java.base/java.util.concurrent.Executors$RunnableAdapter.call(Executors.java:572)
	at java.base/java.util.concurrent.FutureTask.run(FutureTask.java:317)
	at java.base/java.util.concurrent.ThreadPoolExecutor.runWorker(ThreadPoolExecutor.java:1144)
	at java.base/java.util.concurrent.ThreadPoolExecutor$Worker.run(ThreadPoolExecutor.java:642)
	at java.base/java.lang.Thread.run(Thread.java:1570)
... Removed 11 stack frames</pre></div><a href='#' onClick='toggleBox("stack-trace1248873209", this, "Click to show all stack frames", "Click to hide stack frames")'>Click to show all stack frames</a>
<div class='stack-trace' id='stack-trace1248873209'><pre>org.openqa.selenium.TimeoutException: Expected condition failed: waiting for visibility of element located by By.xpath: //div[@class=&quot;MuiGrid-root MuiGrid-item css-1xp8igg&quot;]/div[@class=&quot;MuiStack-root css-13hsu6l&quot;]/div[1] (tried for 10 second(s) with 500 milliseconds interval)
Build info: version: &apos;4.19.1&apos;, revision: &apos;abe0ee07dc&apos;
System info: os.name: &apos;Mac OS X&apos;, os.arch: &apos;aarch64&apos;, os.version: &apos;14.4.1&apos;, java.version: &apos;22.0.1&apos;
Driver info: org.openqa.selenium.chrome.ChromeDriver
Capabilities {acceptInsecureCerts: false, browserName: chrome, browserVersion: 124.0.6367.78, chrome: {chromedriverVersion: 124.0.6367.91 (51df0e5e17a8..., userDataDir: /var/folders/fh/jblzhg0d5s9...}, fedcm:accounts: true, goog:chromeOptions: {debuggerAddress: localhost:64852}, networkConnectionEnabled: false, pageLoadStrategy: normal, platformName: mac, proxy: Proxy(), se:cdp: ws://localhost:64852/devtoo..., se:cdpVersion: 124.0.6367.78, setWindowRect: true, strictFileInteractability: false, timeouts: {implicit: 0, pageLoad: 300000, script: 30000}, unhandledPromptBehavior: dismiss and notify, webauthn:extension:credBlob: true, webauthn:extension:largeBlob: true, webauthn:extension:minPinLength: true, webauthn:extension:prf: true, webauthn:virtualAuthenticators: true}
Session ID: f7ae1ea1935ff8dc6498a898393a7753
	at org.openqa.selenium.support.ui.WebDriverWait.timeoutException(WebDriverWait.java:84)
	at org.openqa.selenium.support.ui.FluentWait.until(FluentWait.java:228)
	at ampTests.getAllPagesResponse.feedbackTab_CheckResponse200(getAllPagesResponse.java:89)
	at java.base/jdk.internal.reflect.DirectMethodHandleAccessor.invoke(DirectMethodHandleAccessor.java:103)
	at java.base/java.lang.reflect.Method.invoke(Method.java:580)
	at org.testng.internal.invokers.MethodInvocationHelper.invokeMethod(MethodInvocationHelper.java:141)
	at org.testng.internal.invokers.TestInvoker.invokeMethod(TestInvoker.java:686)
	at org.testng.internal.invokers.TestInvoker.invokeTestMethod(TestInvoker.java:230)
	at org.testng.internal.invokers.MethodRunner.runInSequence(MethodRunner.java:63)
	at org.testng.internal.invokers.TestInvoker$MethodInvocationAgent.invoke(TestInvoker.java:992)
	at org.testng.internal.invokers.TestInvoker.invokeTestMethods(TestInvoker.java:203)
	at org.testng.internal.invokers.TestMethodWorker.invokeTestMethods(TestMethodWorker.java:154)
	at org.testng.internal.invokers.TestMethodWorker.run(TestMethodWorker.java:134)
	at java.base/java.util.concurrent.Executors$RunnableAdapter.call(Executors.java:572)
	at java.base/java.util.concurrent.FutureTask.run(FutureTask.java:317)
	at org.testng.internal.thread.graph.TestNGFutureTask.run(TestNGFutureTask.java:22)
	at java.base/java.util.concurrent.ThreadPoolExecutor.runWorker(ThreadPoolExecutor.java:1144)
	at java.base/java.util.concurrent.ThreadPoolExecutor$Worker.run(ThreadPoolExecutor.java:642)
	at java.base/java.lang.Thread.run(Thread.java:1570)
</pre></div></td>
<td>10</td>
<td>ampTests.getAllPagesResponse@1fa268de</td></tr>
</table><p>
<table width='100%' border='1' class='invocation-passed'>
<tr><td colspan='4' align='center'><b>PASSED TESTS</b></td></tr>
<tr><td><b>Test method</b></td>
<td><b>Attribute(s)</b></td>
<td width="30%"><b>Exception</b></td>
<td width="10%"><b>Time (seconds)</b></td>
<td><b>Instance</b></td>
</tr>
<tr>
<td title='ampTests.getAllPagesResponse.projectsTab_CheckResponse200()'><b>projectsTab_CheckResponse200</b><br>Test class: ampTests.getAllPagesResponse</td>
<td></td>
<td>0</td>
<td>ampTests.getAllPagesResponse@1fa268de</td></tr>
<tr>
<td title='ampTests.getAllPagesResponse.settingsTab_CheckResponse200()'><b>settingsTab_CheckResponse200</b><br>Test class: ampTests.getAllPagesResponse</td>
<td></td>
<td>0</td>
<td>ampTests.getAllPagesResponse@1fa268de</td></tr>
<tr>
<td title='ampTests.getAllPagesResponse.login()'><b>login</b><br>Test class: ampTests.getAllPagesResponse</td>
<td></td>
<td>2</td>
<td>ampTests.getAllPagesResponse@1fa268de</td></tr>
<tr>
<td title='ampTests.getAllPagesResponse.reportsTab_CheckResponse200()'><b>reportsTab_CheckResponse200</b><br>Test class: ampTests.getAllPagesResponse</td>
<td></td>
<td>0</td>
<td>ampTests.getAllPagesResponse@1fa268de</td></tr>
<tr>
<td title='ampTests.getAllPagesResponse.templatesTab_CheckResponse200()'><b>templatesTab_CheckResponse200</b><br>Test class: ampTests.getAllPagesResponse</td>
<td></td>
<td>0</td>
<td>ampTests.getAllPagesResponse@1fa268de</td></tr>
<tr>
<td title='ampTests.getAllPagesResponse.sitesTab_CheckResponse200()'><b>sitesTab_CheckResponse200</b><br>Test class: ampTests.getAllPagesResponse</td>
<td></td>
<td>0</td>
<td>ampTests.getAllPagesResponse@1fa268de</td></tr>
<tr>
<td title='ampTests.sites_ElementChecking.checkAllElements()'><b>checkAllElements</b><br>Test class: ampTests.sites_ElementChecking</td>
<td></td>
<td>5</td>
<td>ampTests.sites_ElementChecking@4fb61f4a</td></tr>
<tr>
<td title='ampTests.loginToAMP.login()'><b>login</b><br>Test class: ampTests.loginToAMP</td>
<td></td>
<td>1</td>
<td>ampTests.loginToAMP@4fb0f2b9</td></tr>
<tr>
<td title='ampTests.getAllPagesResponse.manualTab_CheckResponse200()'><b>manualTab_CheckResponse200</b><br>Test class: ampTests.getAllPagesResponse</td>
<td></td>
<td>5</td>
<td>ampTests.getAllPagesResponse@1fa268de</td></tr>
<tr>
<td title='ampTests.getAllPagesResponse.overviewTab_CheckResponse200()'><b>overviewTab_CheckResponse200</b><br>Test class: ampTests.getAllPagesResponse</td>
<td></td>
<td>0</td>
<td>ampTests.getAllPagesResponse@1fa268de</td></tr>
</table><p>
</body>
</html>